<?xml version="1.0" encoding="UTF-8"?>
<!-- Generated by org.testng.reporters.JUnitReportReporter -->
<testsuite hostname="SSTINADMLP1150" failures="0" tests="4" name="com.tests.TSNavigationPanel" time="56.242" errors="0" timestamp="2022-09-24T15:03:26 IST" skipped="0">
  <testcase classname="com.tests.TSNavigationPanel" name="VerifyExpandCollapse" time="4.524"/>
  <system-out/>
  <testcase classname="com.tests.TSNavigationPanel" name="verifyAllIconsOnCollapse" time="21.070"/>
  <system-out/>
  <testcase classname="com.tests.TSNavigationPanel" name="verifyUserAccountIconOnExpand" time="5.572"/>
  <system-out/>
  <testcase classname="com.tests.TSNavigationPanel" name="verifyIconsOnExpandCorrespondingToRoles" time="25.076"/>
  <system-out/>
</testsuite> <!-- com.tests.TSNavigationPanel -->
