<?xml version="1.0" encoding="UTF-8"?>
<!-- Generated by org.testng.reporters.JUnitReportReporter -->
<testsuite hostname="SSTINADMLP1150" failures="0" tests="2" name="com.tests.TSManageUsers" time="14.688" errors="0" timestamp="2022-09-21T17:17:00 IST" skipped="1">
  <testcase classname="com.tests.TSManageUsers" name="VerifyUsersCorrespondingToTheShowing" time="14.688"/>
  <system-out/>
  <testcase classname="com.tests.TSManageUsers" name="VerifyUsersRolesAccessiblity">
    <skipped/>
  </testcase> <!-- VerifyUsersRolesAccessiblity -->
  <system-out/>
</testsuite> <!-- com.tests.TSManageUsers -->
