<?xml version="1.0" encoding="UTF-8"?>
<!-- Generated by org.testng.reporters.JUnitReportReporter -->
<testsuite hostname="SSTINADMLP1150" failures="0" tests="3" name="com.tests.TSManageRecipients" time="17.325" errors="0" timestamp="2022-09-24T15:03:26 IST" skipped="1">
  <testcase classname="com.tests.TSManageRecipients" name="VerifyCreateRecipient" time="7.757"/>
  <system-out/>
  <testcase classname="com.tests.TSManageRecipients" name="VerifySelectingRecordAndClickingEditRetrivesExactRecord" time="9.568"/>
  <system-out/>
  <testcase classname="com.tests.TSManageRecipients" name="VerifyUsersRolesAccessiblity">
    <skipped/>
  </testcase> <!-- VerifyUsersRolesAccessiblity -->
  <system-out/>
</testsuite> <!-- com.tests.TSManageRecipients -->
