<?xml version="1.0" encoding="UTF-8"?>
<!-- Generated by org.testng.reporters.JUnitReportReporter -->
<testsuite hostname="SSTINADMLP1150" failures="0" tests="2" name="com.tests.TSLogin" time="4.969" errors="0" timestamp="2022-10-03T20:52:13 IST" skipped="1">
  <testcase classname="com.tests.TSLogin" name="SignIn" time="4.969"/>
  <system-out/>
  <testcase classname="com.tests.TSLogin" name="VerifyPasswordVisibility">
    <skipped/>
  </testcase> <!-- VerifyPasswordVisibility -->
  <system-out/>
</testsuite> <!-- com.tests.TSLogin -->
