<?xml version="1.0" encoding="UTF-8"?>
<!-- Generated by org.testng.reporters.JUnitReportReporter -->
<testsuite hostname="SSTINADMLP1150" failures="0" tests="1" name="com.tests.TSNewDispatch" time="39.008" errors="0" timestamp="2022-09-21T17:17:00 IST" skipped="0">
  <testcase classname="com.tests.TSNewDispatch" name="SendDispatch" time="39.008"/>
  <system-out/>
</testsuite> <!-- com.tests.TSNewDispatch -->
