<?xml version="1.0" encoding="UTF-8"?>
<!-- Generated by org.testng.reporters.JUnitReportReporter -->
<testsuite hostname="SSTINADMLP1150" failures="0" tests="2" name="com.tests.TSDashboard" time="17.127" errors="0" timestamp="2022-09-24T15:03:26 IST" skipped="0">
  <testcase classname="com.tests.TSDashboard" name="VerifySummaryPageRecordscorrespondToShowingDate" time="7.674"/>
  <system-out/>
  <testcase classname="com.tests.TSDashboard" name="ActionsViewIconClick" time="9.453"/>
  <system-out/>
</testsuite> <!-- com.tests.TSDashboard -->
