<?xml version="1.0" encoding="UTF-8"?>
<!-- Generated by org.testng.reporters.JUnitReportReporter -->
<testsuite hostname="SSTINADMLP1150" failures="0" tests="4" name="com.tests.TSNavigationPanel" time="34.669" errors="0" timestamp="2022-09-21T17:17:00 IST" skipped="0">
  <testcase classname="com.tests.TSNavigationPanel" name="VerifyExpandCollapse" time="2.883"/>
  <system-out/>
  <testcase classname="com.tests.TSNavigationPanel" name="verifyAllIconsOnCollapse" time="6.526"/>
  <system-out/>
  <testcase classname="com.tests.TSNavigationPanel" name="verifyUserAccountIconOnExpand" time="2.792"/>
  <system-out/>
  <testcase classname="com.tests.TSNavigationPanel" name="verifyIconsOnExpandCorrespondingToRoles" time="22.468"/>
  <system-out/>
</testsuite> <!-- com.tests.TSNavigationPanel -->
