<?xml version="1.0" encoding="UTF-8"?>
<!-- Generated by org.testng.reporters.JUnitReportReporter -->
<testsuite hostname="SSTINADMLP1150" failures="0" tests="1" name="com.tests.TSNewDispatch" time="34.763" errors="0" timestamp="2022-09-24T15:03:26 IST" skipped="0">
  <testcase classname="com.tests.TSNewDispatch" name="SendDispatch" time="34.763"/>
  <system-out/>
</testsuite> <!-- com.tests.TSNewDispatch -->
