<?xml version="1.0" encoding="UTF-8"?>
<!-- Generated by org.testng.reporters.JUnitReportReporter -->
<testsuite hostname="SSTINADMLP1150" failures="0" tests="4" name="com.tests.TSNavigationPanel" time="40.629" errors="0" timestamp="2022-10-03T16:31:30 IST" skipped="0">
  <testcase classname="com.tests.TSNavigationPanel" name="VerifyExpandCollapse" time="3.870"/>
  <system-out/>
  <testcase classname="com.tests.TSNavigationPanel" name="verifyAllIconsOnCollapse" time="6.202"/>
  <system-out/>
  <testcase classname="com.tests.TSNavigationPanel" name="verifyUserAccountIconOnExpand" time="3.353"/>
  <system-out/>
  <testcase classname="com.tests.TSNavigationPanel" name="verifyIconsOnExpandCorrespondingToRoles" time="27.204"/>
  <system-out/>
</testsuite> <!-- com.tests.TSNavigationPanel -->
