<?xml version="1.0" encoding="UTF-8"?>
<!-- Generated by org.testng.reporters.JUnitReportReporter -->
<testsuite hostname="SSTINADMLP1150" failures="0" tests="1" name="com.tests.excelLoop" time="0.012" errors="0" timestamp="2022-09-26T20:56:41 IST" skipped="0">
  <testcase classname="com.tests.excelLoop" name="reference" time="0.012"/>
  <system-out/>
</testsuite> <!-- com.tests.excelLoop -->
