<?xml version="1.0" encoding="UTF-8"?>
<!-- Generated by org.testng.reporters.JUnitReportReporter -->
<testsuite hostname="SSTINADMLP1150" failures="0" tests="2" name="com.tests.TSDashboard" time="17.159" errors="0" timestamp="2022-10-03T16:31:30 IST" skipped="0">
  <testcase classname="com.tests.TSDashboard" name="VerifySummaryPageRecordscorrespondToShowingDate" time="6.700"/>
  <system-out/>
  <testcase classname="com.tests.TSDashboard" name="ActionsViewIconClick" time="10.459"/>
  <system-out/>
</testsuite> <!-- com.tests.TSDashboard -->
