<?xml version="1.0" encoding="UTF-8"?>
<!-- Generated by org.testng.reporters.JUnitReportReporter -->
<testsuite hostname="SSTINADMLP1150" failures="0" tests="2" name="com.tests.TSDashboard" time="15.444" errors="0" timestamp="2022-09-21T17:17:00 IST" skipped="0">
  <testcase classname="com.tests.TSDashboard" name="VerifySummaryPageRecordscorrespondToShowingDate" time="6.466"/>
  <system-out/>
  <testcase classname="com.tests.TSDashboard" name="ActionsViewIconClick" time="8.978"/>
  <system-out/>
</testsuite> <!-- com.tests.TSDashboard -->
