<?xml version="1.0" encoding="UTF-8"?>
<!-- Generated by org.testng.reporters.JUnitReportReporter -->
<testsuite hostname="SSTINADMLP1150" failures="0" tests="4" name="com.tests.TSNavigationPanel" time="94.803" errors="0" timestamp="2022-09-23T14:27:38 IST" skipped="0">
  <testcase classname="com.tests.TSNavigationPanel" name="VerifyExpandCollapse" time="9.284"/>
  <system-out/>
  <testcase classname="com.tests.TSNavigationPanel" name="verifyAllIconsOnCollapse" time="17.295"/>
  <system-out/>
  <testcase classname="com.tests.TSNavigationPanel" name="verifyUserAccountIconOnExpand" time="16.746"/>
  <system-out/>
  <testcase classname="com.tests.TSNavigationPanel" name="verifyIconsOnExpandCorrespondingToRoles" time="51.478"/>
  <system-out/>
</testsuite> <!-- com.tests.TSNavigationPanel -->
