<?xml version="1.0" encoding="UTF-8"?>
<!-- Generated by org.testng.reporters.JUnitReportReporter -->
<testsuite hostname="SSTINADMLP1150" failures="0" tests="1" name="com.tests.TSNewDispatch" time="98.871" errors="0" timestamp="2022-10-03T16:31:30 IST" skipped="0">
  <testcase classname="com.tests.TSNewDispatch" name="SendDispatch" time="98.871"/>
  <system-out/>
</testsuite> <!-- com.tests.TSNewDispatch -->
